<?xml version="1.0" encoding="UTF-8"?>
<testsuite name="JUnit Jupiter" tests="1" skipped="0" failures="0" errors="0" time="1.902" hostname="OKCOMPUTER" timestamp="2026-09-05T21:36:17">
<properties>
[...]
</properties>
<testcase name="test root endpoint()" classname="com.example.ServerTest" time="1.825">
<system-out><![CDATA[
unique-id: [engine:junit-jupiter]/[class:com.example.ServerTest]/[method:test root endpoint()]
display-name: JUnit Jupiter > ServerTest > test root endpoint()
]]></system-out>
</testcase>
<system-out><![CDATA[
unique-id: [engine:junit-jupiter]
display-name: JUnit Jupiter
]]></system-out>
</testsuite>
